=================================================
FastCopy Pro(ver5.0.3 (Admin) (NoUI)) 开始于 2023/05/05 11:35:07
<Source>  D:\UEProject\OpenZIEditor\ReleaseUproject\OpenZIEditor\Packages\Plugins
<DestDir> D:\UEProject\OpenZIEditor\ReleaseUproject\OpenZIEditor\Packages\Uproject\1.0.2.1494\OpenZIEditor\Plugins
<Command> 宸寮 (澶у/ユ)

-------------------------------------------------

总读取 = 4,874 MiB
总写入 = 4,874 MiB
总文件 = 3,983 (830)
总时间  = 8.3 秒
传输速率  = 614.8 MB/s
文件速率   = 479.1 个文件/秒

结果: (错误文件: 0/错误目录: 0) 在 2023/05/05 11:35:15

=================================================
FastCopy Pro(ver5.0.3 (Admin) (NoUI)) 开始于 2023/05/05 11:57:48
<Source>  D:\UEProject\OpenZIEditor\ReleaseUproject\OpenZIEditor\Packages\Plugins
<DestDir> D:\UEProject\OpenZIEditor\ReleaseUproject\OpenZIEditor\Packages\Uproject\1.0.3.1495\OpenZIEditor\Plugins
<Command> 宸寮 (澶у/ユ)
-------------------------------------------------

总读取 = 4,874 MiB
总写入 = 4,874 MiB
总文件 = 3,983 (830)
总时间  = 8.3 秒
传输速率  = 618.4 MB/s
文件速率   = 481.9 个文件/秒

结果: (错误文件: 0/错误目录: 0) 在 2023/05/05 11:57:56

=================================================
FastCopy Pro(ver5.0.3 (Admin) (NoUI)) 开始于 2023/05/05 18:16:07
<Source>  D:\UEProject\OpenZIEditor\ReleaseUproject\OpenZIEditor\Packages\Plugins
<DestDir> D:\UEProject\OpenZIEditor\ReleaseUproject\OpenZIEditor\Packages\Uproject\1.0.4.1501\OpenZIEditor\Plugins
<Command> 宸寮 (澶у/ユ)
-------------------------------------------------

总读取 = 4,874 MiB
总写入 = 4,874 MiB
总文件 = 3,983 (830)
总时间  = 8.3 秒
传输速率  = 612.6 MB/s
文件速率   = 477.4 个文件/秒

结果: (错误文件: 0/错误目录: 0) 在 2023/05/05 18:16:15

=================================================
FastCopy Pro(ver5.0.3 (Admin) (NoUI)) 开始于 2023/05/06 11:14:54
<Source>  D:\UEProject\OpenZIEditor\ReleaseUproject\OpenZIEditor\Packages\Plugins
<DestDir> D:\UEProject\OpenZIEditor\ReleaseUproject\OpenZIEditor\Packages\Uproject\1.0.5.1505\OpenZIEditor\Plugins
<Command> 宸寮 (澶у/ユ)
-------------------------------------------------

总读取 = 4,874 MiB
总写入 = 4,874 MiB
总文件 = 3,983 (830)
总时间  = 8.4 秒
传输速率  = 611.4 MB/s
文件速率   = 476.4 个文件/秒

结果: (错误文件: 0/错误目录: 0) 在 2023/05/06 11:15:02

=================================================
FastCopy Pro(ver5.0.3 (Admin) (NoUI)) 开始于 2023/05/06 11:49:44
<Source>  D:\UEProject\OpenZIEditor\ReleaseUproject\OpenZIEditor\Packages\Plugins
<DestDir> D:\UEProject\OpenZIEditor\ReleaseUproject\OpenZIEditor\Packages\Uproject\1.0.6.1507\OpenZIEditor\Plugins
<Command> 宸寮 (澶у/ユ)
-------------------------------------------------

总读取 = 4,874 MiB
总写入 = 4,874 MiB
总文件 = 3,983 (830)
总时间  = 4.4 秒
传输速率  = 1,168 MB/s
文件速率   = 910.4 个文件/秒

结果: (错误文件: 0/错误目录: 0) 在 2023/05/06 11:49:48

=================================================
FastCopy Pro(ver5.0.3 (Admin) (NoUI)) 开始于 2023/05/06 11:57:46
<Source>  D:\UEProject\OpenZIEditor\ReleaseUproject\OpenZIEditor\Packages\Plugins
<DestDir> D:\UEProject\OpenZIEditor\ReleaseUproject\OpenZIEditor\Packages\Uproject\1.0.7.1507\OpenZIEditor\Plugins
<Command> 宸寮 (澶у/ユ)
-------------------------------------------------

总读取 = 4,874 MiB
总写入 = 4,874 MiB
总文件 = 3,983 (830)
总时间  = 8.2 秒
传输速率  = 624.3 MB/s
文件速率   = 486.5 个文件/秒

结果: (错误文件: 0/错误目录: 0) 在 2023/05/06 11:57:54

=================================================
FastCopy Pro(ver5.0.3 (Admin) (NoUI)) 开始于 2023/05/06 14:10:01
<Source>  D:\UEProject\OpenZIEditor\ReleaseUproject\OpenZIEditor\Packages\Plugins
<DestDir> D:\UEProject\OpenZIEditor\ReleaseUproject\OpenZIEditor\Packages\Uproject\1.0.8.1507\OpenZIEditor\Plugins
<Command> 宸寮 (澶у/ユ)
-------------------------------------------------

总读取 = 4,874 MiB
总写入 = 4,874 MiB
总文件 = 3,983 (830)
总时间  = 4.2 秒
传输速率  = 1,203 MB/s
文件速率   = 937.2 个文件/秒

结果: (错误文件: 0/错误目录: 0) 在 2023/05/06 14:10:05

=================================================
FastCopy Pro(ver5.0.3 (Admin) (NoUI)) 开始于 2023/05/06 14:41:13
<Source>  D:\UEProject\OpenZIEditor\ReleaseUproject\OpenZIEditor\Packages\Plugins
<DestDir> D:\UEProject\OpenZIEditor\ReleaseUproject\OpenZIEditor\Packages\Uproject\1.0.9.1508\OpenZIEditor\Plugins
<Command> 宸寮 (澶у/ユ)
-------------------------------------------------

总读取 = 4,874 MiB
总写入 = 4,874 MiB
总文件 = 3,983 (830)
总时间  = 8.7 秒
传输速率  = 586.3 MB/s
文件速率   = 456.9 个文件/秒

结果: (错误文件: 0/错误目录: 0) 在 2023/05/06 14:41:22

=================================================
FastCopy Pro(ver5.0.3 (Admin) (NoUI)) 开始于 2023/05/06 14:53:58
<Source>  D:\UEProject\OpenZIEditor\ReleaseUproject\OpenZIEditor\Packages\Plugins
<DestDir> D:\UEProject\OpenZIEditor\ReleaseUproject\OpenZIEditor\Packages\Uproject\1.0.10.1509\OpenZIEditor\Plugins
<Command> 宸寮 (澶у/ユ)
-------------------------------------------------

总读取 = 4,874 MiB
总写入 = 4,874 MiB
总文件 = 3,983 (830)
总时间  = 8.3 秒
传输速率  = 614.9 MB/s
文件速率   = 479.2 个文件/秒

结果: (错误文件: 0/错误目录: 0) 在 2023/05/06 14:54:07

=================================================
FastCopy Pro(ver5.0.3 (Admin) (NoUI)) 开始于 2023/05/06 16:09:10
<Source>  D:\UEProject\OpenZIEditor\ReleaseUproject\OpenZIEditor\Packages\Plugins
<DestDir> D:\UEProject\OpenZIEditor\ReleaseUproject\OpenZIEditor\Packages\Uproject\1.0.11.1511\OpenZIEditor\Plugins
<Command> 宸寮 (澶у/ユ)
-------------------------------------------------

总读取 = 4,874 MiB
总写入 = 4,874 MiB
总文件 = 3,983 (830)
总时间  = 4.3 秒
传输速率  = 1,177 MB/s
文件速率   = 916.9 个文件/秒

结果: (错误文件: 0/错误目录: 0) 在 2023/05/06 16:09:15

=================================================
FastCopy Pro(ver5.0.3 (Admin) (NoUI)) 开始于 2023/05/06 16:53:22
<Source>  D:\UEProject\OpenZIEditor\ReleaseUproject\OpenZIEditor\Packages\Plugins
<DestDir> D:\UEProject\OpenZIEditor\ReleaseUproject\OpenZIEditor\Packages\Uproject\1.0.12.1512\OpenZIEditor\Plugins
<Command> 宸寮 (澶у/ユ)
-------------------------------------------------

总读取 = 4,874 MiB
总写入 = 4,874 MiB
总文件 = 3,983 (830)
总时间  = 8.3 秒
传输速率  = 612.5 MB/s
文件速率   = 477.3 个文件/秒

结果: (错误文件: 0/错误目录: 0) 在 2023/05/06 16:53:31

=================================================
FastCopy Pro(ver5.0.3) 开始于 2023/05/06 17:01:09
<Source>  D:\UEProject\OpenZIEditor\ReleaseUproject\OpenZIEditor\Packages\Plugins
<DestDir> D:\UEProject\OpenZIEditor\ReleaseUproject\OpenZIEditor\Packages\Uproject\1.0.13.1512\OpenZIEditor\Plugins
<Command> 宸寮 (澶у/ユ)
-------------------------------------------------

总读取 = 4,874 MiB
总写入 = 4,874 MiB
总文件 = 3,983 (830)
总时间  = 4.5 秒
传输速率  = 1,128 MB/s
文件速率   = 879.1 个文件/秒

结果: (错误文件: 0/错误目录: 0) 在 2023/05/06 17:01:14

=================================================
FastCopy Pro(ver5.0.3 (Admin) (NoUI)) 开始于 2023/05/06 17:04:53
<Source>  D:\UEProject\OpenZIEditor\ReleaseUproject\OpenZIEditor\Packages\Plugins
<DestDir> D:\UEProject\OpenZIEditor\ReleaseUproject\OpenZIEditor\Packages\Uproject\1.0.14.1512\OpenZIEditor\Plugins
<Command> 宸寮 (澶у/ユ)
-------------------------------------------------

总读取 = 4,874 MiB
总写入 = 4,874 MiB
总文件 = 3,983 (830)
总时间  = 8.5 秒
传输速率  = 598.1 MB/s
文件速率   = 466.1 个文件/秒

结果: (错误文件: 0/错误目录: 0) 在 2023/05/06 17:05:02

=================================================
FastCopy Pro(ver5.0.3) 开始于 2023/05/06 17:13:39
<Source>  D:\UEProject\OpenZIEditor\ReleaseUproject\OpenZIEditor\Packages\Plugins
<DestDir> D:\UEProject\OpenZIEditor\ReleaseUproject\OpenZIEditor\Packages\Uproject\1.0.15.1512\OpenZIEditor\Plugins
<Command> 宸寮 (澶у/ユ)
-------------------------------------------------

总读取 = 4,874 MiB
总写入 = 4,874 MiB
总文件 = 3,983 (830)
总时间  = 5.6 秒
传输速率  = 911.2 MB/s
文件速率   = 710.1 个文件/秒

结果: (错误文件: 0/错误目录: 0) 在 2023/05/06 17:13:44

=================================================
FastCopy Pro(ver5.0.3 (Admin) (NoUI)) 开始于 2023/05/06 17:19:01
<Source>  D:\UEProject\OpenZIEditor\ReleaseUproject\OpenZIEditor\Packages\Plugins
<DestDir> D:\UEProject\OpenZIEditor\ReleaseUproject\OpenZIEditor\Packages\Uproject\1.0.16.1512\OpenZIEditor\Plugins
<Command> 宸寮 (澶у/ユ)
-------------------------------------------------

总读取 = 4,874 MiB
总写入 = 4,874 MiB
总文件 = 3,983 (830)
总时间  = 8.4 秒
传输速率  = 609.2 MB/s
文件速率   = 474.7 个文件/秒

结果: (错误文件: 0/错误目录: 0) 在 2023/05/06 17:19:10

=================================================
FastCopy Pro(ver5.0.3 (Admin) (NoUI)) 开始于 2023/05/06 17:21:09
<Source>  D:\UEProject\OpenZIEditor\ReleaseUproject\OpenZIEditor\Packages\Plugins
<DestDir> D:\UEProject\OpenZIEditor\ReleaseUproject\OpenZIEditor\Packages\Uproject\1.0.17.1512\OpenZIEditor\Plugins
<Command> 宸寮 (澶у/ユ)
-------------------------------------------------

总读取 = 4,874 MiB
总写入 = 4,874 MiB
总文件 = 3,983 (830)
总时间  = 4.6 秒
传输速率  = 1,109 MB/s
文件速率   = 864.0 个文件/秒

结果: (错误文件: 0/错误目录: 0) 在 2023/05/06 17:21:13

=================================================
FastCopy Pro(ver5.0.3 (Admin) (NoUI)) 开始于 2023/05/08 11:32:47
<Source>  D:\UEProject\OpenZIEditor\ReleaseUproject\OpenZIEditor\Packages\Plugins
<DestDir> D:\UEProject\OpenZIEditor\ReleaseUproject\OpenZIEditor\Packages\Uproject\1.0.18.1514\OpenZIEditor\Plugins
<Command> 宸寮 (澶у/ユ)
-------------------------------------------------

总读取 = 4,874 MiB
总写入 = 4,874 MiB
总文件 = 3,983 (830)
总时间  = 8.1 秒
传输速率  = 632.7 MB/s
文件速率   = 493.1 个文件/秒

结果: (错误文件: 0/错误目录: 0) 在 2023/05/08 11:32:56

=================================================
FastCopy Pro(ver5.0.3 (Admin) (NoUI)) 开始于 2023/05/08 12:41:41
<Source>  D:\UEProject\OpenZIEditor\ReleaseUproject\OpenZIEditor\Packages\Plugins
<DestDir> D:\UEProject\OpenZIEditor\ReleaseUproject\OpenZIEditor\Packages\Uproject\1.0.19.1515\OpenZIEditor\Plugins
<Command> 宸寮 (澶у/ユ)
-------------------------------------------------

总读取 = 4,874 MiB
总写入 = 4,874 MiB
总文件 = 3,983 (830)
总时间  = 8.3 秒
传输速率  = 618.3 MB/s
文件速率   = 481.9 个文件/秒

结果: (错误文件: 0/错误目录: 0) 在 2023/05/08 12:41:49

=================================================
FastCopy Pro(ver5.0.3 (Admin) (NoUI)) 开始于 2023/05/08 14:46:12
<Source>  D:\UEProject\OpenZIEditor\ReleaseUproject\OpenZIEditor\Packages\Plugins
<DestDir> D:\UEProject\OpenZIEditor\ReleaseUproject\OpenZIEditor\Packages\Uproject\1.0.20.1516\OpenZIEditor\Plugins
<Command> 宸寮 (澶у/ユ)
-------------------------------------------------

总读取 = 4,874 MiB
总写入 = 4,874 MiB
总文件 = 3,983 (830)
总时间  = 8.1 秒
传输速率  = 634.0 MB/s
文件速率   = 494.0 个文件/秒

结果: (错误文件: 0/错误目录: 0) 在 2023/05/08 14:46:20

=================================================
FastCopy Pro(ver5.0.3 (Admin) (NoUI)) 开始于 2023/05/08 16:05:19
<Source>  D:\UEProject\OpenZIEditor\ReleaseUproject\OpenZIEditor\Packages\Plugins
<DestDir> D:\UEProject\OpenZIEditor\ReleaseUproject\OpenZIEditor\Packages\Uproject\1.0.21.1516\OpenZIEditor\Plugins
<Command> 宸寮 (澶у/ユ)
-------------------------------------------------

总读取 = 4,874 MiB
总写入 = 4,874 MiB
总文件 = 3,983 (830)
总时间  = 6.7 秒
传输速率  = 764.3 MB/s
文件速率   = 595.6 个文件/秒

结果: (错误文件: 0/错误目录: 0) 在 2023/05/08 16:05:26

=================================================
FastCopy Pro(ver5.0.3 (Admin) (NoUI)) 开始于 2023/05/08 16:09:46
<Source>  D:\UEProject\OpenZIEditor\ReleaseUproject\OpenZIEditor\Packages\Plugins
<DestDir> D:\UEProject\OpenZIEditor\ReleaseUproject\OpenZIEditor\Packages\Uproject\1.0.22.1516\OpenZIEditor\Plugins
<Command> 宸寮 (澶у/ユ)
-------------------------------------------------

总读取 = 4,874 MiB
总写入 = 4,874 MiB
总文件 = 3,983 (830)
总时间  = 3.4 秒
传输速率  = 1,494 MB/s
文件速率   = 1,164 个文件/秒

结果: (错误文件: 0/错误目录: 0) 在 2023/05/08 16:09:50

=================================================
FastCopy Pro(ver5.0.3 (Admin) (NoUI)) 开始于 2023/05/08 16:18:52
<Source>  D:\UEProject\OpenZIEditor\ReleaseUproject\OpenZIEditor\Packages\Plugins
<DestDir> D:\UEProject\OpenZIEditor\ReleaseUproject\OpenZIEditor\Packages\Uproject\1.0.23.1516\OpenZIEditor\Plugins
<Command> 宸寮 (澶у/ユ)
-------------------------------------------------

总读取 = 4,874 MiB
总写入 = 4,874 MiB
总文件 = 3,983 (830)
总时间  = 6.6 秒
传输速率  = 778.9 MB/s
文件速率   = 607.0 个文件/秒

结果: (错误文件: 0/错误目录: 0) 在 2023/05/08 16:18:59

=================================================
FastCopy Pro(ver5.0.3 (Admin) (NoUI)) 开始于 2023/05/08 16:21:47
<Source>  D:\UEProject\OpenZIEditor\ReleaseUproject\OpenZIEditor\Packages\Plugins
<DestDir> D:\UEProject\OpenZIEditor\ReleaseUproject\OpenZIEditor\Packages\Uproject\1.0.24.1517\OpenZIEditor\Plugins
<Command> 宸寮 (澶у/ユ)
-------------------------------------------------

总读取 = 4,874 MiB
总写入 = 4,874 MiB
总文件 = 3,983 (830)
总时间  = 3.3 秒
传输速率  = 1,528 MB/s
文件速率   = 1,191 个文件/秒

结果: (错误文件: 0/错误目录: 0) 在 2023/05/08 16:21:51

=================================================
FastCopy Pro(ver5.0.3 (Admin) (NoUI)) 开始于 2023/05/08 16:35:43
<Source>  D:\UEProject\OpenZIEditor\ReleaseUproject\OpenZIEditor\Packages\Plugins
<DestDir> D:\UEProject\OpenZIEditor\ReleaseUproject\OpenZIEditor\Packages\Uproject\1.0.25.1517\OpenZIEditor\Plugins
<Command> 宸寮 (澶у/ユ)
-------------------------------------------------

总读取 = 4,874 MiB
总写入 = 4,874 MiB
总文件 = 3,983 (830)
总时间  = 3.2 秒
传输速率  = 1,604 MB/s
文件速率   = 1,250 个文件/秒

结果: (错误文件: 0/错误目录: 0) 在 2023/05/08 16:35:46

=================================================
FastCopy Pro(ver5.0.3 (Admin) (NoUI)) 开始于 2023/05/08 16:47:42
<Source>  D:\UEProject\OpenZIEditor\ReleaseUproject\OpenZIEditor\Packages\Plugins
<DestDir> D:\UEProject\OpenZIEditor\ReleaseUproject\OpenZIEditor\Packages\Uproject\1.0.26.1517\OpenZIEditor\Plugins
<Command> 宸寮 (澶у/ユ)
-------------------------------------------------

总读取 = 4,874 MiB
总写入 = 4,874 MiB
总文件 = 3,983 (830)
总时间  = 3.8 秒
传输速率  = 1,357 MB/s
文件速率   = 1,058 个文件/秒

结果: (错误文件: 0/错误目录: 0) 在 2023/05/08 16:47:46

=================================================
FastCopy Pro(ver5.0.3 (Admin) (NoUI)) 开始于 2023/05/08 16:50:45
<Source>  D:\UEProject\OpenZIEditor\ReleaseUproject\OpenZIEditor\Packages\Plugins
<DestDir> D:\UEProject\OpenZIEditor\ReleaseUproject\OpenZIEditor\Packages\Uproject\1.0.27.1517\OpenZIEditor\Plugins
<Command> 宸寮 (澶у/ユ)
-------------------------------------------------

总读取 = 4,874 MiB
总写入 = 4,874 MiB
总文件 = 3,983 (830)
总时间  = 3.4 秒
传输速率  = 1,501 MB/s
文件速率   = 1,169 个文件/秒

结果: (错误文件: 0/错误目录: 0) 在 2023/05/08 16:50:49

=================================================
FastCopy Pro(ver5.0.3 (Admin) (NoUI)) 开始于 2023/05/08 17:02:13
<Source>  D:\UEProject\OpenZIEditor\ReleaseUproject\OpenZIEditor\Packages\Plugins
<DestDir> D:\UEProject\OpenZIEditor\ReleaseUproject\OpenZIEditor\Packages\Uproject\1.0.28.1517\OpenZIEditor\Plugins
<Command> 宸寮 (澶у/ユ)
-------------------------------------------------

总读取 = 4,874 MiB
总写入 = 4,874 MiB
总文件 = 3,983 (830)
总时间  = 3.2 秒
传输速率  = 1,619 MB/s
文件速率   = 1,262 个文件/秒

结果: (错误文件: 0/错误目录: 0) 在 2023/05/08 17:02:16

=================================================
FastCopy Pro(ver5.0.3 (Admin) (NoUI)) 开始于 2023/05/08 17:27:17
<Source>  D:\UEProject\OpenZIEditor\ReleaseUproject\OpenZIEditor\Packages\Plugins
<DestDir> D:\UEProject\OpenZIEditor\ReleaseUproject\OpenZIEditor\Packages\Uproject\1.0.29.1517\OpenZIEditor\Plugins
<Command> 宸寮 (澶у/ユ)
-------------------------------------------------

总读取 = 4,874 MiB
总写入 = 4,874 MiB
总文件 = 3,983 (830)
总时间  = 6.4 秒
传输速率  = 795.9 MB/s
文件速率   = 620.2 个文件/秒

结果: (错误文件: 0/错误目录: 0) 在 2023/05/08 17:27:23

=================================================
FastCopy Pro(ver5.0.3 (Admin) (NoUI)) 开始于 2023/05/08 17:36:11
<Source>  D:\UEProject\OpenZIEditor\ReleaseUproject\OpenZIEditor\Packages\Plugins
<DestDir> D:\UEProject\OpenZIEditor\ReleaseUproject\OpenZIEditor\Packages\Uproject\1.0.30.1517\OpenZIEditor\Plugins
<Command> 宸寮 (澶у/ユ)
-------------------------------------------------

总读取 = 4,874 MiB
总写入 = 4,874 MiB
总文件 = 3,983 (830)
总时间  = 3.2 秒
传输速率  = 1,611 MB/s
文件速率   = 1,256 个文件/秒

结果: (错误文件: 0/错误目录: 0) 在 2023/05/08 17:36:14

=================================================
FastCopy Pro(ver5.0.3 (Admin) (NoUI)) 开始于 2023/05/08 17:38:19
<Source>  D:\UEProject\OpenZIEditor\ReleaseUproject\OpenZIEditor\Packages\Plugins
<DestDir> D:\UEProject\OpenZIEditor\ReleaseUproject\OpenZIEditor\Packages\Uproject\1.0.31.1517\OpenZIEditor\Plugins
<Command> 宸寮 (澶у/ユ)
-------------------------------------------------

总读取 = 4,874 MiB
总写入 = 4,874 MiB
总文件 = 3,983 (830)
总时间  = 3.2 秒
传输速率  = 1,580 MB/s
文件速率   = 1,232 个文件/秒

结果: (错误文件: 0/错误目录: 0) 在 2023/05/08 17:38:22

=================================================
FastCopy Pro(ver5.0.3 (Admin) (NoUI)) 开始于 2023/05/08 17:50:12
<Source>  D:\UEProject\OpenZIEditor\ReleaseUproject\OpenZIEditor\Packages\Plugins
<DestDir> D:\UEProject\OpenZIEditor\ReleaseUproject\OpenZIEditor\Packages\Uproject\1.0.32.1519\OpenZIEditor\Plugins
<Command> 宸寮 (澶у/ユ)
-------------------------------------------------

总读取 = 4,874 MiB
总写入 = 4,874 MiB
总文件 = 3,983 (830)
总时间  = 3.2 秒
传输速率  = 1,595 MB/s
文件速率   = 1,243 个文件/秒

结果: (错误文件: 0/错误目录: 0) 在 2023/05/08 17:50:15

=================================================
FastCopy Pro(ver5.0.3 (Admin) (NoUI)) 开始于 2023/05/08 17:52:00
<Source>  D:\UEProject\OpenZIEditor\ReleaseUproject\OpenZIEditor\Packages\Plugins
<DestDir> D:\UEProject\OpenZIEditor\ReleaseUproject\OpenZIEditor\Packages\Uproject\1.0.33.1519\OpenZIEditor\Plugins
<Command> 宸寮 (澶у/ユ)
-------------------------------------------------

总读取 = 4,874 MiB
总写入 = 4,874 MiB
总文件 = 3,983 (830)
总时间  = 3.3 秒
传输速率  = 1,565 MB/s
文件速率   = 1,220 个文件/秒

结果: (错误文件: 0/错误目录: 0) 在 2023/05/08 17:52:03

=================================================
FastCopy Pro(ver5.0.3 (Admin) (NoUI)) 开始于 2023/05/08 18:16:24
<Source>  D:\UEProject\OpenZIEditor\ReleaseUproject\OpenZIEditor\Packages\Plugins
<DestDir> D:\UEProject\OpenZIEditor\ReleaseUproject\OpenZIEditor\Packages\Uproject\1.0.34.1521\OpenZIEditor\Plugins
<Command> 宸寮 (澶у/ユ)
-------------------------------------------------

总读取 = 4,874 MiB
总写入 = 4,874 MiB
总文件 = 3,983 (830)
总时间  = 6.7 秒
传输速率  = 760.8 MB/s
文件速率   = 592.9 个文件/秒

结果: (错误文件: 0/错误目录: 0) 在 2023/05/08 18:16:31

=================================================
FastCopy Pro(ver5.0.3 (Admin) (NoUI)) 开始于 2023/05/08 18:25:21
<Source>  D:\UEProject\OpenZIEditor\ReleaseUproject\OpenZIEditor\Packages\Plugins
<DestDir> D:\UEProject\OpenZIEditor\ReleaseUproject\OpenZIEditor\Packages\Uproject\1.0.34.1521\OpenZIEditor\Plugins
<Command> 宸寮 (澶у/ユ)
-------------------------------------------------

总读取 = 0.0 MiB
总写入 = 0.0 MiB
总文件 = 0 (0)
总跳过  = 4,874 MiB
跳过文件  = 3,983 (0)
总时间  = 0.1 秒
传输速率  = 0.00 MB/s
文件速率   = 0.00 个文件/秒

结果: (错误文件: 0/错误目录: 0) 在 2023/05/08 18:25:22

=================================================
FastCopy Pro(ver5.0.3 (Admin) (NoUI)) 开始于 2023/05/08 18:32:15
<Source>  D:\UEProject\OpenZIEditor\ReleaseUproject\OpenZIEditor\Packages\Plugins
<DestDir> D:\UEProject\OpenZIEditor\ReleaseUproject\OpenZIEditor\Packages\Uproject\1.0.36.1521\OpenZIEditor\Plugins
<Command> 宸寮 (澶у/ユ)
-------------------------------------------------

总读取 = 4,874 MiB
总写入 = 4,874 MiB
总文件 = 3,983 (830)
总时间  = 3.2 秒
传输速率  = 1,596 MB/s
文件速率   = 1,244 个文件/秒

结果: (错误文件: 0/错误目录: 0) 在 2023/05/08 18:32:19

=================================================
FastCopy Pro(ver5.0.3 (Admin) (NoUI)) 开始于 2023/05/08 18:45:31
<Source>  D:\UEProject\OpenZIEditor\ReleaseUproject\OpenZIEditor\Packages\Plugins
<DestDir> D:\UEProject\OpenZIEditor\ReleaseUproject\OpenZIEditor\Packages\Uproject\1.0.38.1524\OpenZIEditor\Plugins
<Command> 宸寮 (澶у/ユ)
-------------------------------------------------

总读取 = 4,874 MiB
总写入 = 4,874 MiB
总文件 = 3,983 (830)
总时间  = 3.4 秒
传输速率  = 1,507 MB/s
文件速率   = 1,175 个文件/秒

结果: (错误文件: 0/错误目录: 0) 在 2023/05/08 18:45:34

=================================================
FastCopy Pro(ver5.0.3 (Admin) (NoUI)) 开始于 2023/05/08 18:46:41
<Source>  D:\UEProject\OpenZIEditor\ReleaseUproject\OpenZIEditor\Packages\Plugins
<DestDir> D:\UEProject\OpenZIEditor\ReleaseUproject\OpenZIEditor\Packages\Uproject\1.0.39.1524\OpenZIEditor\Plugins
<Command> 宸寮 (澶у/ユ)
-------------------------------------------------

总读取 = 4,874 MiB
总写入 = 4,874 MiB
总文件 = 3,983 (830)
总时间  = 3.3 秒
传输速率  = 1,565 MB/s
文件速率   = 1,220 个文件/秒

结果: (错误文件: 0/错误目录: 0) 在 2023/05/08 18:46:44

=================================================
FastCopy Pro(ver5.0.3 (Admin) (NoUI)) 开始于 2023/05/08 18:47:33
<Source>  D:\UEProject\OpenZIEditor\ReleaseUproject\OpenZIEditor\Packages\Plugins
<DestDir> D:\UEProject\OpenZIEditor\ReleaseUproject\OpenZIEditor\Packages\Uproject\1.0.40.1524\OpenZIEditor\Plugins
<Command> 宸寮 (澶у/ユ)
-------------------------------------------------

总读取 = 4,874 MiB
总写入 = 4,874 MiB
总文件 = 3,983 (830)
总时间  = 3.3 秒
传输速率  = 1,528 MB/s
文件速率   = 1,191 个文件/秒

结果: (错误文件: 0/错误目录: 0) 在 2023/05/08 18:47:37

=================================================
FastCopy Pro(ver5.0.3 (Admin) (NoUI)) 开始于 2023/05/08 18:48:18
<Source>  D:\UEProject\OpenZIEditor\ReleaseUproject\OpenZIEditor\Packages\Plugins
<DestDir> D:\UEProject\OpenZIEditor\ReleaseUproject\OpenZIEditor\Packages\Uproject\1.0.41.1524\OpenZIEditor\Plugins
<Command> 宸寮 (澶у/ユ)
-------------------------------------------------

总读取 = 4,874 MiB
总写入 = 4,874 MiB
总文件 = 3,983 (830)
总时间  = 3.1 秒
传输速率  = 1,627 MB/s
文件速率   = 1,268 个文件/秒

结果: (错误文件: 0/错误目录: 0) 在 2023/05/08 18:48:21

=================================================
FastCopy Pro(ver5.0.3 (Admin) (NoUI)) 开始于 2023/05/08 18:49:01
<Source>  D:\UEProject\OpenZIEditor\ReleaseUproject\OpenZIEditor\Packages\Plugins
<DestDir> D:\UEProject\OpenZIEditor\ReleaseUproject\OpenZIEditor\Packages\Uproject\1.0.42.1524\OpenZIEditor\Plugins
<Command> 宸寮 (澶у/ユ)
-------------------------------------------------

总读取 = 4,874 MiB
总写入 = 4,874 MiB
总文件 = 3,983 (830)
总时间  = 3.4 秒
传输速率  = 1,521 MB/s
文件速率   = 1,185 个文件/秒

结果: (错误文件: 0/错误目录: 0) 在 2023/05/08 18:49:04

=================================================
FastCopy Pro(ver5.0.3 (Admin) (NoUI)) 开始于 2023/05/08 18:50:05
<Source>  D:\UEProject\OpenZIEditor\ReleaseUproject\OpenZIEditor\Packages\Plugins
<DestDir> D:\UEProject\OpenZIEditor\ReleaseUproject\OpenZIEditor\Packages\Uproject\1.0.43.1524\OpenZIEditor\Plugins
<Command> 宸寮 (澶у/ユ)
-------------------------------------------------

总读取 = 4,874 MiB
总写入 = 4,874 MiB
总文件 = 3,983 (830)
总时间  = 3.5 秒
传输速率  = 1,467 MB/s
文件速率   = 1,143 个文件/秒

结果: (错误文件: 0/错误目录: 0) 在 2023/05/08 18:50:08

=================================================
FastCopy Pro(ver5.0.3 (Admin) (NoUI)) 开始于 2023/05/08 18:52:52
<Source>  D:\UEProject\OpenZIEditor\ReleaseUproject\OpenZIEditor\Packages\Plugins
<DestDir> D:\UEProject\OpenZIEditor\ReleaseUproject\OpenZIEditor\Packages\Uproject\1.0.44.1525\OpenZIEditor\Plugins
<Command> 宸寮 (澶у/ユ)
-------------------------------------------------

总读取 = 4,874 MiB
总写入 = 4,874 MiB
总文件 = 3,983 (830)
总时间  = 4.2 秒
传输速率  = 1,207 MB/s
文件速率   = 940.7 个文件/秒

结果: (错误文件: 0/错误目录: 0) 在 2023/05/08 18:52:56

=================================================
FastCopy Pro(ver5.0.3 (Admin) (NoUI)) 开始于 2023/05/08 18:53:28
<Source>  D:\UEProject\OpenZIEditor\ReleaseUproject\OpenZIEditor\Packages\Plugins
<DestDir> D:\UEProject\OpenZIEditor\ReleaseUproject\OpenZIEditor\Packages\Uproject\1.0.45.1525\OpenZIEditor\Plugins
<Command> 宸寮 (澶у/ユ)
-------------------------------------------------

总读取 = 4,874 MiB
总写入 = 4,874 MiB
总文件 = 3,983 (830)
总时间  = 3.8 秒
传输速率  = 1,352 MB/s
文件速率   = 1,053 个文件/秒

结果: (错误文件: 0/错误目录: 0) 在 2023/05/08 18:53:32

=================================================
FastCopy Pro(ver5.0.3 (Admin) (NoUI)) 开始于 2023/05/08 18:54:05
<Source>  D:\UEProject\OpenZIEditor\ReleaseUproject\OpenZIEditor\Packages\Plugins
<DestDir> D:\UEProject\OpenZIEditor\ReleaseUproject\OpenZIEditor\Packages\Uproject\1.0.46.1525\OpenZIEditor\Plugins
<Command> 宸寮 (澶у/ユ)
-------------------------------------------------

总读取 = 4,874 MiB
总写入 = 4,874 MiB
总文件 = 3,983 (830)
总时间  = 4.1 秒
传输速率  = 1,244 MB/s
文件速率   = 969.3 个文件/秒

结果: (错误文件: 0/错误目录: 0) 在 2023/05/08 18:54:09

=================================================
FastCopy Pro(ver5.0.3 (Admin) (NoUI)) 开始于 2023/05/08 18:54:56
<Source>  D:\UEProject\OpenZIEditor\ReleaseUproject\OpenZIEditor\Packages\Plugins
<DestDir> D:\UEProject\OpenZIEditor\ReleaseUproject\OpenZIEditor\Packages\Uproject\1.0.47.1525\OpenZIEditor\Plugins
<Command> 宸寮 (澶у/ユ)
-------------------------------------------------

总读取 = 4,874 MiB
总写入 = 4,874 MiB
总文件 = 3,983 (830)
总时间  = 3.1 秒
传输速率  = 1,627 MB/s
文件速率   = 1,268 个文件/秒

结果: (错误文件: 0/错误目录: 0) 在 2023/05/08 18:54:59

=================================================
FastCopy Pro(ver5.0.3 (Admin) (NoUI)) 开始于 2023/05/08 18:55:37
<Source>  D:\UEProject\OpenZIEditor\ReleaseUproject\OpenZIEditor\Packages\Plugins
<DestDir> D:\UEProject\OpenZIEditor\ReleaseUproject\OpenZIEditor\Packages\Uproject\1.0.48.1525\OpenZIEditor\Plugins
<Command> 宸寮 (澶у/ユ)
-------------------------------------------------

总读取 = 4,874 MiB
总写入 = 4,874 MiB
总文件 = 3,983 (830)
总时间  = 6.3 秒
传输速率  = 811.7 MB/s
文件速率   = 632.5 个文件/秒

结果: (错误文件: 0/错误目录: 0) 在 2023/05/08 18:55:43

=================================================
FastCopy Pro(ver5.0.3 (Admin) (NoUI)) 开始于 2023/05/08 18:59:19
<Source>  D:\UEProject\OpenZIEditor\ReleaseUproject\OpenZIEditor\Packages\Plugins
<DestDir> D:\UEProject\OpenZIEditor\ReleaseUproject\OpenZIEditor\Packages\Uproject\1.0.49.1527\OpenZIEditor\Plugins
<Command> 宸寮 (澶у/ユ)
-------------------------------------------------

总读取 = 4,874 MiB
总写入 = 4,874 MiB
总文件 = 3,983 (830)
总时间  = 3.3 秒
传输速率  = 1,550 MB/s
文件速率   = 1,208 个文件/秒

结果: (错误文件: 0/错误目录: 0) 在 2023/05/08 18:59:23

=================================================
FastCopy Pro(ver5.0.3 (Admin) (NoUI)) 开始于 2023/05/08 19:02:19
<Source>  D:\UEProject\OpenZIEditor\ReleaseUproject\OpenZIEditor\Packages\Plugins
<DestDir> D:\UEProject\OpenZIEditor\ReleaseUproject\OpenZIEditor\Packages\Uproject\1.0.50.1528\OpenZIEditor\Plugins
<Command> 宸寮 (澶у/ユ)
-------------------------------------------------

总读取 = 4,874 MiB
总写入 = 4,874 MiB
总文件 = 3,983 (830)
总时间  = 6.5 秒
传输速率  = 792.1 MB/s
文件速率   = 617.2 个文件/秒

结果: (错误文件: 0/错误目录: 0) 在 2023/05/08 19:02:26

=================================================
FastCopy Pro(ver5.0.3 (Admin) (NoUI)) 开始于 2023/05/08 19:11:55
<Source>  D:\UEProject\OpenZIEditor\ReleaseUproject\OpenZIEditor\Packages\Plugins
<DestDir> D:\UEProject\OpenZIEditor\ReleaseUproject\OpenZIEditor\Packages\Uproject\1.0.52.1528\OpenZIEditor\Plugins
<Command> 宸寮 (澶у/ユ)
-------------------------------------------------

总读取 = 4,874 MiB
总写入 = 4,874 MiB
总文件 = 3,983 (830)
总时间  = 4.0 秒
传输速率  = 1,278 MB/s
文件速率   = 995.8 个文件/秒

结果: (错误文件: 0/错误目录: 0) 在 2023/05/08 19:11:59

=================================================
FastCopy Pro(ver5.0.3 (Admin) (NoUI)) 开始于 2023/05/08 19:36:47
<Source>  D:\UEProject\OpenZIEditor\ReleaseUproject\OpenZIEditor\Packages\Plugins
<DestDir> D:\UEProject\OpenZIEditor\ReleaseUproject\OpenZIEditor\Packages\Uproject\1.0.53.1528\OpenZIEditor\Plugins
<Command> 宸寮 (澶у/ユ)
-------------------------------------------------

总读取 = 4,874 MiB
总写入 = 4,874 MiB
总文件 = 3,983 (830)
总时间  = 6.3 秒
传输速率  = 807.7 MB/s
文件速率   = 629.4 个文件/秒

结果: (错误文件: 0/错误目录: 0) 在 2023/05/08 19:36:53

=================================================
FastCopy Pro(ver5.0.3 (Admin) (NoUI)) 开始于 2023/05/08 19:40:12
<Source>  D:\UEProject\OpenZIEditor\ReleaseUproject\OpenZIEditor\Packages\Plugins
<DestDir> D:\UEProject\OpenZIEditor\ReleaseUproject\OpenZIEditor\Packages\Uproject\1.0.54.1530\OpenZIEditor\Plugins
<Command> 宸寮 (澶у/ユ)
-------------------------------------------------

总读取 = 4,874 MiB
总写入 = 4,874 MiB
总文件 = 3,983 (830)
总时间  = 3.4 秒
传输速率  = 1,522 MB/s
文件速率   = 1,186 个文件/秒

结果: (错误文件: 0/错误目录: 0) 在 2023/05/08 19:40:15

=================================================
FastCopy Pro(ver5.0.3 (Admin) (NoUI)) 开始于 2023/05/08 20:52:30
<Source>  D:\UEProject\OpenZIEditor\ReleaseUproject\OpenZIEditor\Packages\Plugins
<DestDir> D:\UEProject\OpenZIEditor\ReleaseUproject\OpenZIEditor\Packages\Uproject\1.0.55.1532\OpenZIEditor\Plugins
<Command> 宸寮 (澶у/ユ)
-------------------------------------------------

总读取 = 4,874 MiB
总写入 = 4,874 MiB
总文件 = 3,983 (830)
总时间  = 6.7 秒
传输速率  = 766.1 MB/s
文件速率   = 597.0 个文件/秒

结果: (错误文件: 0/错误目录: 0) 在 2023/05/08 20:52:36

=================================================
FastCopy Pro(ver5.0.3 (Admin) (NoUI)) 开始于 2023/05/09 11:51:44
<Source>  D:\UEProject\OpenZIEditor\ReleaseUproject\OpenZIEditor\Packages\Plugins
<DestDir> D:\UEProject\OpenZIEditor\ReleaseUproject\OpenZIEditor\Packages\Uproject\1.0.56.1535\OpenZIEditor\Plugins
<Command> 宸寮 (澶у/ユ)
-------------------------------------------------

总读取 = 4,874 MiB
总写入 = 4,874 MiB
总文件 = 3,983 (830)
总时间  = 6.8 秒
传输速率  = 746.8 MB/s
文件速率   = 582.0 个文件/秒

结果: (错误文件: 0/错误目录: 0) 在 2023/05/09 11:51:51

=================================================
FastCopy Pro(ver5.0.3 (Admin) (NoUI)) 开始于 2023/05/09 11:57:24
<Source>  D:\UEProject\OpenZIEditor\ReleaseUproject\OpenZIEditor\Packages\Plugins
<DestDir> D:\UEProject\OpenZIEditor\ReleaseUproject\OpenZIEditor\Packages\Uproject\1.0.57.1535\OpenZIEditor\Plugins
<Command> 宸寮 (澶у/ユ)
-------------------------------------------------

总读取 = 4,874 MiB
总写入 = 4,874 MiB
总文件 = 3,983 (830)
总时间  = 3.4 秒
传输速率  = 1,522 MB/s
文件速率   = 1,186 个文件/秒

结果: (错误文件: 0/错误目录: 0) 在 2023/05/09 11:57:27

=================================================
FastCopy Pro(ver5.0.3 (Admin) (NoUI)) 开始于 2023/05/09 12:02:33
<Source>  D:\UEProject\OpenZIEditor\ReleaseUproject\OpenZIEditor\Packages\Plugins
<DestDir> D:\UEProject\OpenZIEditor\ReleaseUproject\OpenZIEditor\Packages\Uproject\1.0.58.1535\OpenZIEditor\Plugins
<Command> 宸寮 (澶у/ユ)
-------------------------------------------------

总读取 = 4,874 MiB
总写入 = 4,874 MiB
总文件 = 3,983 (830)
总时间  = 6.0 秒
传输速率  = 856.3 MB/s
文件速率   = 667.3 个文件/秒

结果: (错误文件: 0/错误目录: 0) 在 2023/05/09 12:02:39

=================================================
FastCopy Pro(ver5.0.3 (Admin) (NoUI)) 开始于 2023/05/09 12:06:40
<Source>  D:\UEProject\OpenZIEditor\ReleaseUproject\OpenZIEditor\Packages\Plugins
<DestDir> D:\UEProject\OpenZIEditor\ReleaseUproject\OpenZIEditor\Packages\Uproject\1.0.59.1535\OpenZIEditor\Plugins
<Command> 宸寮 (澶у/ユ)
-------------------------------------------------

总读取 = 4,874 MiB
总写入 = 4,874 MiB
总文件 = 3,983 (830)
总时间  = 4.6 秒
传输速率  = 1,120 MB/s
文件速率   = 872.9 个文件/秒

结果: (错误文件: 0/错误目录: 0) 在 2023/05/09 12:06:45

=================================================
FastCopy Pro(ver5.0.3 (Admin) (NoUI)) 开始于 2023/05/09 12:10:58
<Source>  D:\UEProject\OpenZIEditor\ReleaseUproject\OpenZIEditor\Packages\Plugins
<DestDir> D:\UEProject\OpenZIEditor\ReleaseUproject\OpenZIEditor\Packages\Uproject\1.0.60.1535\OpenZIEditor\Plugins
<Command> 宸寮 (澶у/ユ)
-------------------------------------------------

总读取 = 4,874 MiB
总写入 = 4,874 MiB
总文件 = 3,983 (830)
总时间  = 6.0 秒
传输速率  = 847.5 MB/s
文件速率   = 660.4 个文件/秒

结果: (错误文件: 0/错误目录: 0) 在 2023/05/09 12:11:04

=================================================
FastCopy Pro(ver5.0.3 (Admin) (NoUI)) 开始于 2023/05/09 12:15:45
<Source>  D:\UEProject\OpenZIEditor\ReleaseUproject\OpenZIEditor\Packages\Plugins
<DestDir> D:\UEProject\OpenZIEditor\ReleaseUproject\OpenZIEditor\Packages\Uproject\1.0.61.1535\OpenZIEditor\Plugins
<Command> 宸寮 (澶у/ユ)
-------------------------------------------------

总读取 = 4,874 MiB
总写入 = 4,874 MiB
总文件 = 3,983 (830)
总时间  = 4.6 秒
传输速率  = 1,101 MB/s
文件速率   = 858.2 个文件/秒

结果: (错误文件: 0/错误目录: 0) 在 2023/05/09 12:15:49

=================================================
FastCopy Pro(ver5.0.3 (Admin) (NoUI)) 开始于 2023/05/09 12:21:56
<Source>  D:\UEProject\OpenZIEditor\ReleaseUproject\OpenZIEditor\Packages\Plugins
<DestDir> D:\UEProject\OpenZIEditor\ReleaseUproject\OpenZIEditor\Packages\Uproject\1.0.62.1535\OpenZIEditor\Plugins
<Command> 宸寮 (澶у/ユ)
-------------------------------------------------

总读取 = 4,874 MiB
总写入 = 4,874 MiB
总文件 = 3,983 (830)
总时间  = 6.1 秒
传输速率  = 834.5 MB/s
文件速率   = 650.3 个文件/秒

结果: (错误文件: 0/错误目录: 0) 在 2023/05/09 12:22:02

=================================================
FastCopy Pro(ver5.0.3 (Admin) (NoUI)) 开始于 2023/05/09 12:36:20
<Source>  D:\UEProject\OpenZIEditor\ReleaseUproject\OpenZIEditor\Packages\Plugins
<DestDir> D:\UEProject\OpenZIEditor\ReleaseUproject\OpenZIEditor\Packages\Uproject\1.0.63.1536\OpenZIEditor\Plugins
<Command> 宸寮 (澶у/ユ)
-------------------------------------------------

总读取 = 4,874 MiB
总写入 = 4,874 MiB
总文件 = 3,983 (830)
总时间  = 4.9 秒
传输速率  = 1,042 MB/s
文件速率   = 811.7 个文件/秒

结果: (错误文件: 0/错误目录: 0) 在 2023/05/09 12:36:25

=================================================
FastCopy Pro(ver5.0.3 (Admin) (NoUI)) 开始于 2023/05/09 14:27:15
<Source>  D:\UEProject\OpenZIEditor\ReleaseUproject\OpenZIEditor\Packages\Plugins
<DestDir> D:\UEProject\OpenZIEditor\ReleaseUproject\OpenZIEditor\Packages\Uproject\1.0.64.1537\OpenZIEditor\Plugins
<Command> 宸寮 (澶у/ユ)
-------------------------------------------------

总读取 = 4,874 MiB
总写入 = 4,874 MiB
总文件 = 3,983 (830)
总时间  = 7.0 秒
传输速率  = 735.1 MB/s
文件速率   = 572.8 个文件/秒

结果: (错误文件: 0/错误目录: 0) 在 2023/05/09 14:27:21

=================================================
FastCopy Pro(ver5.0.3 (Admin) (NoUI)) 开始于 2023/05/09 16:57:41
<Source>  D:\UEProject\OpenZIEditor\ReleaseUproject\OpenZIEditor\Packages\Plugins
<DestDir> D:\UEProject\OpenZIEditor\ReleaseUproject\OpenZIEditor\Packages\Uproject\1.0.65.1541\OpenZIEditor\Plugins
<Command> 宸寮 (澶у/ユ)
-------------------------------------------------

总读取 = 4,875 MiB
总写入 = 4,875 MiB
总文件 = 3,985 (831)
总时间  = 6.8 秒
传输速率  = 753.8 MB/s
文件速率   = 587.6 个文件/秒

结果: (错误文件: 0/错误目录: 0) 在 2023/05/09 16:57:47

=================================================
FastCopy Pro(ver5.0.3 (Admin) (NoUI)) 开始于 2023/05/09 17:22:23
<Source>  D:\UEProject\OpenZIEditor\ReleaseUproject\OpenZIEditor\Packages\Plugins
<DestDir> D:\UEProject\OpenZIEditor\ReleaseUproject\OpenZIEditor\Packages\Uproject\1.0.66.1543\OpenZIEditor\Plugins
<Command> 宸寮 (澶у/ユ)
-------------------------------------------------

总读取 = 4,875 MiB
总写入 = 4,875 MiB
总文件 = 3,985 (831)
总时间  = 7.1 秒
传输速率  = 723.8 MB/s
文件速率   = 564.2 个文件/秒

结果: (错误文件: 0/错误目录: 0) 在 2023/05/09 17:22:30

=================================================
FastCopy Pro(ver5.0.3 (Admin) (NoUI)) 开始于 2023/05/09 18:04:06
<Source>  D:\UEProject\OpenZIEditor\ReleaseUproject\OpenZIEditor\Packages\Plugins
<DestDir> D:\UEProject\OpenZIEditor\ReleaseUproject\OpenZIEditor\Packages\Uproject\1.0.67.1546\OpenZIEditor\Plugins
<Command> 宸寮 (澶у/ユ)
-------------------------------------------------

总读取 = 4,875 MiB
总写入 = 4,875 MiB
总文件 = 3,985 (831)
总时间  = 6.9 秒
传输速率  = 740.2 MB/s
文件速率   = 577.0 个文件/秒

结果: (错误文件: 0/错误目录: 0) 在 2023/05/09 18:04:13

=================================================
FastCopy Pro(ver5.0.3 (Admin) (NoUI)) 开始于 2023/05/09 18:16:15
<Source>  D:\UEProject\OpenZIEditor\ReleaseUproject\OpenZIEditor\Packages\Plugins
<DestDir> D:\UEProject\OpenZIEditor\ReleaseUproject\OpenZIEditor\Packages\Uproject\1.0.68.1548\OpenZIEditor\Plugins
<Command> 宸寮 (澶у/ユ)
-------------------------------------------------

总读取 = 4,875 MiB
总写入 = 4,875 MiB
总文件 = 3,985 (831)
总时间  = 6.8 秒
传输速率  = 750.5 MB/s
文件速率   = 585.0 个文件/秒

结果: (错误文件: 0/错误目录: 0) 在 2023/05/09 18:16:22

=================================================
FastCopy Pro(ver5.0.3 (Admin) (NoUI)) 开始于 2023/05/09 18:30:18
<Source>  D:\UEProject\OpenZIEditor\ReleaseUproject\OpenZIEditor\Packages\Plugins
<DestDir> D:\UEProject\OpenZIEditor\ReleaseUproject\OpenZIEditor\Packages\Uproject\1.0.69.1549\OpenZIEditor\Plugins
<Command> 宸寮 (澶у/ユ)
-------------------------------------------------

总读取 = 4,875 MiB
总写入 = 4,875 MiB
总文件 = 3,985 (831)
总时间  = 7.1 秒
传输速率  = 723.8 MB/s
文件速率   = 564.2 个文件/秒

结果: (错误文件: 0/错误目录: 0) 在 2023/05/09 18:30:26

=================================================
FastCopy Pro(ver5.0.3 (Admin) (NoUI)) 开始于 2023/05/09 18:54:13
<Source>  D:\UEProject\OpenZIEditor\ReleaseUproject\OpenZIEditor\Packages\Plugins
<DestDir> D:\UEProject\OpenZIEditor\ReleaseUproject\OpenZIEditor\Packages\Uproject\1.0.70.1550\OpenZIEditor\Plugins
<Command> 宸寮 (澶у/ユ)
-------------------------------------------------

总读取 = 4,875 MiB
总写入 = 4,875 MiB
总文件 = 3,985 (831)
总时间  = 7.2 秒
传输速率  = 714.3 MB/s
文件速率   = 556.8 个文件/秒

结果: (错误文件: 0/错误目录: 0) 在 2023/05/09 18:54:20

